<?xml version="1.0" encoding="UTF-8"?>
<robot generator="Robot 4.1.3 (Python 3.10.1 on win32)" generated="20220929 16:12:24.100" rpa="false" schemaversion="2">
<suite id="s1" name="recurre Does-not-repeatNGG-TC-120" source="C:\Users\Alejandro\Desktop\Recurrences - Repeats Field - Does not repeat\recurre_Does-not-repeatNGG-TC-120.robot">
<kw name="web setup" library="Keywords" type="SETUP">
<kw name="Open Browser" library="SeleniumLibrary">
<arg>${website}</arg>
<arg>${browser}</arg>
<doc>Opens a new browser instance to the optional ``url``.</doc>
<msg timestamp="20220929 16:12:24.311" level="INFO">Opening browser 'gc' to base url 'http://dev.www.engage360.evacompute.com:8080/'.</msg>
<status status="PASS" starttime="20220929 16:12:24.310" endtime="20220929 16:12:28.156"/>
</kw>
<kw name="Maximize Browser Window" library="SeleniumLibrary">
<doc>Maximizes current browser window.</doc>
<status status="PASS" starttime="20220929 16:12:28.156" endtime="20220929 16:12:29.910"/>
</kw>
<kw name="Set Selenium Implicit Wait" library="SeleniumLibrary">
<arg>20 s</arg>
<doc>Sets the implicit wait value used by Selenium.</doc>
<status status="PASS" starttime="20220929 16:12:29.910" endtime="20220929 16:12:29.912"/>
</kw>
<kw name="Wait Until Element Is Visible" library="SeleniumLibrary">
<arg>css=#kc-header</arg>
<doc>Waits until the element ``locator`` is visible.</doc>
<status status="PASS" starttime="20220929 16:12:29.913" endtime="20220929 16:12:29.936"/>
</kw>
<kw name="Title Should Be" library="SeleniumLibrary">
<arg>Log in to ENGAGE360</arg>
<doc>Verifies that the current page title equals ``title``.</doc>
<msg timestamp="20220929 16:12:29.940" level="INFO">Page title is 'Log in to ENGAGE360'.</msg>
<status status="PASS" starttime="20220929 16:12:29.936" endtime="20220929 16:12:29.940"/>
</kw>
<kw name="Wait Until Element Is Visible" library="SeleniumLibrary">
<arg>id=username</arg>
<doc>Waits until the element ``locator`` is visible.</doc>
<status status="PASS" starttime="20220929 16:12:29.940" endtime="20220929 16:12:29.956"/>
</kw>
<kw name="Click Element" library="SeleniumLibrary">
<arg>id=username</arg>
<doc>Click the element identified by ``locator``.</doc>
<msg timestamp="20220929 16:12:29.956" level="INFO">Clicking element 'id=username'.</msg>
<status status="PASS" starttime="20220929 16:12:29.956" endtime="20220929 16:12:29.988"/>
</kw>
<kw name="Input Text" library="SeleniumLibrary">
<arg>id=username</arg>
<arg>${Email}</arg>
<doc>Types the given ``text`` into the text field identified by ``locator``.</doc>
<msg timestamp="20220929 16:12:29.988" level="INFO">Typing text 'superUser' into text field 'id=username'.</msg>
<status status="PASS" starttime="20220929 16:12:29.988" endtime="20220929 16:12:30.026"/>
</kw>
<kw name="Click Element" library="SeleniumLibrary">
<arg>id=password</arg>
<doc>Click the element identified by ``locator``.</doc>
<msg timestamp="20220929 16:12:30.026" level="INFO">Clicking element 'id=password'.</msg>
<status status="PASS" starttime="20220929 16:12:30.026" endtime="20220929 16:12:30.060"/>
</kw>
<kw name="Input Text" library="SeleniumLibrary">
<arg>id=password</arg>
<arg>${Password}</arg>
<doc>Types the given ``text`` into the text field identified by ``locator``.</doc>
<msg timestamp="20220929 16:12:30.060" level="INFO">Typing text 'SuperAdmin1@' into text field 'id=password'.</msg>
<status status="PASS" starttime="20220929 16:12:30.060" endtime="20220929 16:12:30.116"/>
</kw>
<kw name="Click Button" library="SeleniumLibrary">
<arg>name=login</arg>
<doc>Clicks the button identified by ``locator``.</doc>
<msg timestamp="20220929 16:12:30.116" level="INFO">Clicking button 'name=login'.</msg>
<status status="PASS" starttime="20220929 16:12:30.116" endtime="20220929 16:12:31.634"/>
</kw>
<status status="PASS" starttime="20220929 16:12:24.310" endtime="20220929 16:12:31.634"/>
</kw>
<test id="s1-t1" name="NGG-TC-120 Automation Recurrences - Repeats Field - Does not repeat">
<kw name="Click Element" library="SeleniumLibrary">
<arg>${Community}</arg>
<doc>Click the element identified by ``locator``.</doc>
<msg timestamp="20220929 16:12:31.635" level="INFO">Clicking element 'SuperUserCombo'.</msg>
<status status="PASS" starttime="20220929 16:12:31.635" endtime="20220929 16:12:33.411"/>
</kw>
<kw name="Drag And Drop" library="SeleniumLibrary">
<arg>${Waterford}</arg>
<arg>${Community}</arg>
<doc>Drags the element identified by ``locator`` into the ``target`` element.</doc>
<status status="PASS" starttime="20220929 16:12:33.412" endtime="20220929 16:12:34.101"/>
</kw>
<kw name="Click Element" library="SeleniumLibrary">
<arg>${Waterford}</arg>
<doc>Click the element identified by ``locator``.</doc>
<msg timestamp="20220929 16:12:34.102" level="INFO">Clicking element 'SuperUserCombo-option-30'.</msg>
<status status="PASS" starttime="20220929 16:12:34.102" endtime="20220929 16:12:34.157"/>
</kw>
<kw name="Click Element" library="SeleniumLibrary">
<arg>${Community}</arg>
<doc>Click the element identified by ``locator``.</doc>
<msg timestamp="20220929 16:12:34.158" level="INFO">Clicking element 'SuperUserCombo'.</msg>
<status status="PASS" starttime="20220929 16:12:34.157" endtime="20220929 16:12:34.203"/>
</kw>
<kw name="Drag And Drop" library="SeleniumLibrary">
<arg>${Waterford}</arg>
<arg>${Community}</arg>
<doc>Drags the element identified by ``locator`` into the ``target`` element.</doc>
<status status="PASS" starttime="20220929 16:12:34.204" endtime="20220929 16:12:34.822"/>
</kw>
<kw name="Click Element" library="SeleniumLibrary">
<arg>${Waterford}</arg>
<doc>Click the element identified by ``locator``.</doc>
<msg timestamp="20220929 16:12:34.822" level="INFO">Clicking element 'SuperUserCombo-option-30'.</msg>
<status status="PASS" starttime="20220929 16:12:34.822" endtime="20220929 16:12:34.877"/>
</kw>
<kw name="Execute Javascript" library="SeleniumLibrary">
<arg>${Dinning}</arg>
<doc>Executes the given JavaScript code with possible arguments.</doc>
<msg timestamp="20220929 16:12:34.878" level="INFO">Executing JavaScript:
document.getElementById('SideNav_Menu_Dinning').click()
Without any arguments.</msg>
<status status="PASS" starttime="20220929 16:12:34.878" endtime="20220929 16:12:35.029"/>
</kw>
<kw name="Scroll Element Into View" library="SeleniumLibrary">
<arg>${Community}</arg>
<doc>Scrolls the element identified by ``locator`` into view.</doc>
<status status="PASS" starttime="20220929 16:12:35.030" endtime="20220929 16:12:35.750"/>
</kw>
<kw name="Element Should Be Visible" library="SeleniumLibrary">
<arg>${Community}</arg>
<arg>Waterford Community</arg>
<doc>Verifies that the element identified by ``locator`` is visible.</doc>
<msg timestamp="20220929 16:12:35.764" level="INFO">Element 'SuperUserCombo' is displayed.</msg>
<status status="PASS" starttime="20220929 16:12:35.751" endtime="20220929 16:12:35.764"/>
</kw>
<kw name="Mouse Over" library="SeleniumLibrary">
<arg>${Community}</arg>
<doc>Simulates hovering the mouse over the element ``locator``.</doc>
<msg timestamp="20220929 16:12:35.764" level="INFO">Simulating Mouse Over on element 'SuperUserCombo'.</msg>
<status status="PASS" starttime="20220929 16:12:35.764" endtime="20220929 16:12:36.030"/>
</kw>
<kw name="Execute Javascript" library="SeleniumLibrary">
<arg>${Add Menu Item}</arg>
<doc>Executes the given JavaScript code with possible arguments.</doc>
<msg timestamp="20220929 16:12:36.031" level="INFO">Executing JavaScript:
document.getElementById('dining_new_dining_btn').click()
Without any arguments.</msg>
<status status="PASS" starttime="20220929 16:12:36.030" endtime="20220929 16:12:36.167"/>
</kw>
<kw name="Input Text" library="SeleniumLibrary">
<arg>${dining_title}</arg>
<arg>Coffe</arg>
<doc>Types the given ``text`` into the text field identified by ``locator``.</doc>
<msg timestamp="20220929 16:12:36.168" level="INFO">Typing text 'Coffe' into text field 'id=add_dining_title'.</msg>
<status status="PASS" starttime="20220929 16:12:36.168" endtime="20220929 16:12:36.682"/>
</kw>
<kw name="Input Text" library="SeleniumLibrary">
<arg>${dining_description}</arg>
<arg>Coffe and milk</arg>
<doc>Types the given ``text`` into the text field identified by ``locator``.</doc>
<msg timestamp="20220929 16:12:36.683" level="INFO">Typing text 'Coffe and milk' into text field 'id=add_dining_description'.</msg>
<status status="PASS" starttime="20220929 16:12:36.683" endtime="20220929 16:12:37.435"/>
</kw>
<kw name="Click Element" library="SeleniumLibrary">
<arg>${image}</arg>
<doc>Click the element identified by ``locator``.</doc>
<msg timestamp="20220929 16:12:37.435" level="INFO">Clicking element 'name=image_url'.</msg>
<status status="PASS" starttime="20220929 16:12:37.435" endtime="20220929 16:12:37.539"/>
</kw>
<kw name="Input Text" library="SeleniumLibrary">
<arg>${image}</arg>
<arg>Coffe</arg>
<doc>Types the given ``text`` into the text field identified by ``locator``.</doc>
<msg timestamp="20220929 16:12:37.540" level="INFO">Typing text 'Coffe' into text field 'name=image_url'.</msg>
<status status="PASS" starttime="20220929 16:12:37.540" endtime="20220929 16:12:37.740"/>
</kw>
<kw name="Click Element" library="SeleniumLibrary">
<arg>${Search}</arg>
<doc>Click the element identified by ``locator``.</doc>
<msg timestamp="20220929 16:12:37.743" level="INFO">Clicking element 'id=dining_search_icon'.</msg>
<status status="PASS" starttime="20220929 16:12:37.740" endtime="20220929 16:12:37.837"/>
</kw>
<kw name="Click Element" library="SeleniumLibrary">
<arg>id=image_2400874</arg>
<doc>Click the element identified by ``locator``.</doc>
<msg timestamp="20220929 16:12:37.838" level="INFO">Clicking element 'id=image_2400874'.</msg>
<status status="PASS" starttime="20220929 16:12:37.837" endtime="20220929 16:12:38.294"/>
</kw>
<kw name="Click Element" library="SeleniumLibrary">
<arg>${DONE}</arg>
<doc>Click the element identified by ``locator``.</doc>
<msg timestamp="20220929 16:12:38.295" level="INFO">Clicking element 'id=done_btn'.</msg>
<status status="PASS" starttime="20220929 16:12:38.295" endtime="20220929 16:12:38.394"/>
</kw>
<kw name="Input Text" library="SeleniumLibrary">
<arg>${tags}</arg>
<arg>Coffe</arg>
<doc>Types the given ``text`` into the text field identified by ``locator``.</doc>
<msg timestamp="20220929 16:12:38.395" level="INFO">Typing text 'Coffe' into text field 'id=add_dining_tags'.</msg>
<status status="PASS" starttime="20220929 16:12:38.394" endtime="20220929 16:12:38.710"/>
</kw>
<kw name="Press Keys" library="SeleniumLibrary">
<arg>${tags}</arg>
<arg>ENTER</arg>
<doc>Simulates the user pressing key(s) to an element or on the active browser.</doc>
<msg timestamp="20220929 16:12:38.711" level="INFO">Sending key(s) ('ENTER',) to id=add_dining_tags element.</msg>
<msg timestamp="20220929 16:12:38.979" level="INFO">Pressing special key ENTER to element.</msg>
<msg timestamp="20220929 16:12:38.979" level="INFO">Releasing special key ENTER.</msg>
<status status="PASS" starttime="20220929 16:12:38.711" endtime="20220929 16:12:39.023"/>
</kw>
<kw name="Input Text" library="SeleniumLibrary">
<arg>${tags}</arg>
<arg>Milk</arg>
<doc>Types the given ``text`` into the text field identified by ``locator``.</doc>
<msg timestamp="20220929 16:12:39.024" level="INFO">Typing text 'Milk' into text field 'id=add_dining_tags'.</msg>
<status status="PASS" starttime="20220929 16:12:39.023" endtime="20220929 16:12:39.214"/>
</kw>
<kw name="Press Keys" library="SeleniumLibrary">
<arg>${tags}</arg>
<arg>ENTER</arg>
<doc>Simulates the user pressing key(s) to an element or on the active browser.</doc>
<msg timestamp="20220929 16:12:39.216" level="INFO">Sending key(s) ('ENTER',) to id=add_dining_tags element.</msg>
<msg timestamp="20220929 16:12:39.494" level="INFO">Pressing special key ENTER to element.</msg>
<msg timestamp="20220929 16:12:39.494" level="INFO">Releasing special key ENTER.</msg>
<status status="PASS" starttime="20220929 16:12:39.215" endtime="20220929 16:12:39.542"/>
</kw>
<kw name="Wait Until Element Is Visible" library="SeleniumLibrary">
<arg>${Breakfast}</arg>
<doc>Waits until the element ``locator`` is visible.</doc>
<status status="PASS" starttime="20220929 16:12:39.543" endtime="20220929 16:12:39.562"/>
</kw>
<kw name="Click Element" library="SeleniumLibrary">
<arg>${Lunch}</arg>
<doc>Click the element identified by ``locator``.</doc>
<msg timestamp="20220929 16:12:39.562" level="INFO">Clicking element 'id=icon_6155b016d8ca9945efb2e723'.</msg>
<status status="PASS" starttime="20220929 16:12:39.562" endtime="20220929 16:12:39.656"/>
</kw>
<kw name="Click Element" library="SeleniumLibrary">
<arg>${Dinner}</arg>
<doc>Click the element identified by ``locator``.</doc>
<msg timestamp="20220929 16:12:39.657" level="INFO">Clicking element 'id=icon_6155b016d8ca9945efb2e724'.</msg>
<status status="PASS" starttime="20220929 16:12:39.656" endtime="20220929 16:12:39.733"/>
</kw>
<kw name="Select Checkbox" library="SeleniumLibrary">
<arg>${Hide_Print}</arg>
<doc>Selects the checkbox identified by ``locator``.</doc>
<msg timestamp="20220929 16:12:39.734" level="INFO">Selecting checkbox 'id=dining_hideOnPrinting_switch'.</msg>
<status status="PASS" starttime="20220929 16:12:39.734" endtime="20220929 16:12:39.822"/>
</kw>
<kw name="Unselect Checkbox" library="SeleniumLibrary">
<arg>${Hide_Print}</arg>
<doc>Removes the selection of checkbox identified by ``locator``.</doc>
<msg timestamp="20220929 16:12:39.823" level="INFO">Unselecting checkbox 'id=dining_hideOnPrinting_switch'.</msg>
<status status="PASS" starttime="20220929 16:12:39.822" endtime="20220929 16:12:39.918"/>
</kw>
<tag>Case 1</tag>
<tag>Validation Test</tag>
<status status="PASS" starttime="20220929 16:12:31.634" endtime="20220929 16:12:39.919"/>
</test>
<test id="s1-t2" name="fill the Recurrences Information">
<kw name="Click Element" library="SeleniumLibrary">
<arg>${Start-Date}</arg>
<doc>Click the element identified by ``locator``.</doc>
<msg timestamp="20220929 16:12:39.920" level="INFO">Clicking element 'id=add_dining_start_date'.</msg>
<status status="PASS" starttime="20220929 16:12:39.920" endtime="20220929 16:12:39.984"/>
</kw>
<kw name="Click Element" library="SeleniumLibrary">
<arg>${Fill_DoesNotRepeat}</arg>
<doc>Click the element identified by ``locator``.</doc>
<msg timestamp="20220929 16:12:39.987" level="INFO">Clicking element 'id=RepeatValue'.</msg>
<status status="PASS" starttime="20220929 16:12:39.985" endtime="20220929 16:12:40.104"/>
</kw>
<kw name="Sleep" library="BuiltIn">
<arg>1</arg>
<doc>Pauses the test executed for the given time.</doc>
<msg timestamp="20220929 16:12:41.117" level="INFO">Slept 1 second</msg>
<status status="PASS" starttime="20220929 16:12:40.105" endtime="20220929 16:12:41.117"/>
</kw>
<kw name="Click Element" library="SeleniumLibrary">
<arg>${Does_Not_Repeat}</arg>
<doc>Click the element identified by ``locator``.</doc>
<msg timestamp="20220929 16:12:41.118" level="INFO">Clicking element 'id=RepeatValue-option-0'.</msg>
<status status="PASS" starttime="20220929 16:12:41.118" endtime="20220929 16:12:41.262"/>
</kw>
<kw name="Sleep" library="BuiltIn">
<arg>1</arg>
<doc>Pauses the test executed for the given time.</doc>
<msg timestamp="20220929 16:12:42.273" level="INFO">Slept 1 second</msg>
<status status="PASS" starttime="20220929 16:12:41.263" endtime="20220929 16:12:42.273"/>
</kw>
<kw name="Click Element" library="SeleniumLibrary">
<arg>${After}</arg>
<doc>Click the element identified by ``locator``.</doc>
<msg timestamp="20220929 16:12:42.274" level="INFO">Clicking element 'id=EndSelection'.</msg>
<status status="PASS" starttime="20220929 16:12:42.274" endtime="20220929 16:12:42.359"/>
</kw>
<kw name="Sleep" library="BuiltIn">
<arg>1</arg>
<doc>Pauses the test executed for the given time.</doc>
<msg timestamp="20220929 16:12:43.365" level="INFO">Slept 1 second</msg>
<status status="PASS" starttime="20220929 16:12:42.361" endtime="20220929 16:12:43.365"/>
</kw>
<kw name="Click Element" library="SeleniumLibrary">
<arg>${On_this_date}</arg>
<doc>Click the element identified by ``locator``.</doc>
<msg timestamp="20220929 16:12:43.366" level="INFO">Clicking element 'id=EndSelection-option-1'.</msg>
<status status="PASS" starttime="20220929 16:12:43.365" endtime="20220929 16:12:43.497"/>
</kw>
<kw name="Sleep" library="BuiltIn">
<arg>1</arg>
<doc>Pauses the test executed for the given time.</doc>
<msg timestamp="20220929 16:12:44.502" level="INFO">Slept 1 second</msg>
<status status="PASS" starttime="20220929 16:12:43.497" endtime="20220929 16:12:44.502"/>
</kw>
<kw name="Click Element" library="SeleniumLibrary">
<arg>${CalendericonRecurre}</arg>
<doc>Click the element identified by ``locator``.</doc>
<msg timestamp="20220929 16:12:44.503" level="INFO">Clicking element 'id=Calendar_Btn_undefined_EndDate'.</msg>
<status status="PASS" starttime="20220929 16:12:44.503" endtime="20220929 16:12:44.691"/>
</kw>
<kw name="Sleep" library="BuiltIn">
<arg>1</arg>
<doc>Pauses the test executed for the given time.</doc>
<msg timestamp="20220929 16:12:45.693" level="INFO">Slept 1 second</msg>
<status status="PASS" starttime="20220929 16:12:44.691" endtime="20220929 16:12:45.693"/>
</kw>
<kw name="Click Element" library="SeleniumLibrary">
<arg>${rightArrow}</arg>
<doc>Click the element identified by ``locator``.</doc>
<msg timestamp="20220929 16:12:45.694" level="INFO">Clicking element 'id=calendarHeader_rightArrow'.</msg>
<status status="PASS" starttime="20220929 16:12:45.694" endtime="20220929 16:12:45.778"/>
</kw>
<kw name="Sleep" library="BuiltIn">
<arg>1</arg>
<doc>Pauses the test executed for the given time.</doc>
<msg timestamp="20220929 16:12:46.784" level="INFO">Slept 1 second</msg>
<status status="PASS" starttime="20220929 16:12:45.779" endtime="20220929 16:12:46.784"/>
</kw>
<kw name="Click Element" library="SeleniumLibrary">
<arg>${leftArrow}</arg>
<doc>Click the element identified by ``locator``.</doc>
<msg timestamp="20220929 16:12:46.785" level="INFO">Clicking element 'id=calendarHeader_leftArrow'.</msg>
<status status="PASS" starttime="20220929 16:12:46.784" endtime="20220929 16:12:46.852"/>
</kw>
<kw name="Sleep" library="BuiltIn">
<arg>1</arg>
<doc>Pauses the test executed for the given time.</doc>
<msg timestamp="20220929 16:12:47.862" level="INFO">Slept 1 second</msg>
<status status="PASS" starttime="20220929 16:12:46.852" endtime="20220929 16:12:47.862"/>
</kw>
<status status="PASS" starttime="20220929 16:12:39.920" endtime="20220929 16:12:47.863"/>
</test>
<doc>CMS-Engage360 Community Waterford</doc>
<status status="PASS" starttime="20220929 16:12:24.102" endtime="20220929 16:12:47.864"/>
</suite>
<statistics>
<total>
<stat pass="2" fail="0" skip="0">All Tests</stat>
</total>
<tag>
<stat pass="1" fail="0" skip="0">Case 1</stat>
<stat pass="1" fail="0" skip="0">Validation Test</stat>
</tag>
<suite>
<stat pass="2" fail="0" skip="0" id="s1" name="recurre Does-not-repeatNGG-TC-120">recurre Does-not-repeatNGG-TC-120</stat>
</suite>
</statistics>
<errors>
</errors>
</robot>
