<?xml version="1.0" encoding="UTF-8"?>
<robot generator="Robot 4.1.3 (Python 3.10.1 on win32)" generated="20220928 04:50:08.872" rpa="false" schemaversion="2">
<suite id="s1" name="recurre Does-not-repeatNGG-TC-120" source="C:\Users\Alejandro\Desktop\Recurrences - Repeats Field - Does not repeat\recurre_Does-not-repeatNGG-TC-120.robot">
<kw name="web setup" library="Keywords" type="SETUP">
<kw name="Open Browser" library="SeleniumLibrary">
<arg>${website}</arg>
<arg>${browser}</arg>
<doc>Opens a new browser instance to the optional ``url``.</doc>
<msg timestamp="20220928 04:50:09.060" level="INFO">Opening browser 'gc' to base url 'http://dev.www.engage360.evacompute.com:8080/'.</msg>
<status status="PASS" starttime="20220928 04:50:09.060" endtime="20220928 04:50:13.260"/>
</kw>
<kw name="Maximize Browser Window" library="SeleniumLibrary">
<doc>Maximizes current browser window.</doc>
<status status="PASS" starttime="20220928 04:50:13.260" endtime="20220928 04:50:14.257"/>
</kw>
<kw name="Set Selenium Implicit Wait" library="SeleniumLibrary">
<arg>20 s</arg>
<doc>Sets the implicit wait value used by Selenium.</doc>
<status status="PASS" starttime="20220928 04:50:14.257" endtime="20220928 04:50:14.264"/>
</kw>
<kw name="Wait Until Element Is Visible" library="SeleniumLibrary">
<arg>css=#kc-header</arg>
<doc>Waits until the element ``locator`` is visible.</doc>
<status status="PASS" starttime="20220928 04:50:14.264" endtime="20220928 04:50:14.292"/>
</kw>
<kw name="Title Should Be" library="SeleniumLibrary">
<arg>Log in to ENGAGE360</arg>
<doc>Verifies that the current page title equals ``title``.</doc>
<msg timestamp="20220928 04:50:14.299" level="INFO">Page title is 'Log in to ENGAGE360'.</msg>
<status status="PASS" starttime="20220928 04:50:14.293" endtime="20220928 04:50:14.300"/>
</kw>
<kw name="Wait Until Element Is Visible" library="SeleniumLibrary">
<arg>id=username</arg>
<doc>Waits until the element ``locator`` is visible.</doc>
<status status="PASS" starttime="20220928 04:50:14.301" endtime="20220928 04:50:14.329"/>
</kw>
<kw name="Click Element" library="SeleniumLibrary">
<arg>id=username</arg>
<doc>Click the element identified by ``locator``.</doc>
<msg timestamp="20220928 04:50:14.329" level="INFO">Clicking element 'id=username'.</msg>
<status status="PASS" starttime="20220928 04:50:14.329" endtime="20220928 04:50:14.364"/>
</kw>
<kw name="Input Text" library="SeleniumLibrary">
<arg>id=username</arg>
<arg>${Email}</arg>
<doc>Types the given ``text`` into the text field identified by ``locator``.</doc>
<msg timestamp="20220928 04:50:14.364" level="INFO">Typing text 'superUser' into text field 'id=username'.</msg>
<status status="PASS" starttime="20220928 04:50:14.364" endtime="20220928 04:50:14.406"/>
</kw>
<kw name="Click Element" library="SeleniumLibrary">
<arg>id=password</arg>
<doc>Click the element identified by ``locator``.</doc>
<msg timestamp="20220928 04:50:14.406" level="INFO">Clicking element 'id=password'.</msg>
<status status="PASS" starttime="20220928 04:50:14.406" endtime="20220928 04:50:14.445"/>
</kw>
<kw name="Input Text" library="SeleniumLibrary">
<arg>id=password</arg>
<arg>${Password}</arg>
<doc>Types the given ``text`` into the text field identified by ``locator``.</doc>
<msg timestamp="20220928 04:50:14.446" level="INFO">Typing text 'SuperAdmin1@' into text field 'id=password'.</msg>
<status status="PASS" starttime="20220928 04:50:14.445" endtime="20220928 04:50:14.505"/>
</kw>
<kw name="Click Button" library="SeleniumLibrary">
<arg>name=login</arg>
<doc>Clicks the button identified by ``locator``.</doc>
<msg timestamp="20220928 04:50:14.505" level="INFO">Clicking button 'name=login'.</msg>
<status status="PASS" starttime="20220928 04:50:14.505" endtime="20220928 04:50:16.407"/>
</kw>
<status status="PASS" starttime="20220928 04:50:09.060" endtime="20220928 04:50:16.409"/>
</kw>
<test id="s1-t1" name="NGG-TC-120 Automation Recurrences - Repeats Field - Does not repeat">
<kw name="Click Element" library="SeleniumLibrary">
<arg>${Community}</arg>
<doc>Click the element identified by ``locator``.</doc>
<msg timestamp="20220928 04:50:16.421" level="INFO">Clicking element 'SuperUserCombo'.</msg>
<status status="PASS" starttime="20220928 04:50:16.419" endtime="20220928 04:50:18.524"/>
</kw>
<kw name="Drag And Drop" library="SeleniumLibrary">
<arg>${Waterford}</arg>
<arg>${Community}</arg>
<doc>Drags the element identified by ``locator`` into the ``target`` element.</doc>
<status status="PASS" starttime="20220928 04:50:18.524" endtime="20220928 04:50:19.261"/>
</kw>
<kw name="Click Element" library="SeleniumLibrary">
<arg>${Waterford}</arg>
<doc>Click the element identified by ``locator``.</doc>
<msg timestamp="20220928 04:50:19.262" level="INFO">Clicking element 'SuperUserCombo-option-30'.</msg>
<status status="PASS" starttime="20220928 04:50:19.262" endtime="20220928 04:50:19.316"/>
</kw>
<kw name="Click Element" library="SeleniumLibrary">
<arg>${Community}</arg>
<doc>Click the element identified by ``locator``.</doc>
<msg timestamp="20220928 04:50:19.317" level="INFO">Clicking element 'SuperUserCombo'.</msg>
<status status="PASS" starttime="20220928 04:50:19.316" endtime="20220928 04:50:19.379"/>
</kw>
<kw name="Drag And Drop" library="SeleniumLibrary">
<arg>${Waterford}</arg>
<arg>${Community}</arg>
<doc>Drags the element identified by ``locator`` into the ``target`` element.</doc>
<status status="PASS" starttime="20220928 04:50:19.380" endtime="20220928 04:50:20.072"/>
</kw>
<kw name="Click Element" library="SeleniumLibrary">
<arg>${Waterford}</arg>
<doc>Click the element identified by ``locator``.</doc>
<msg timestamp="20220928 04:50:20.074" level="INFO">Clicking element 'SuperUserCombo-option-30'.</msg>
<status status="PASS" starttime="20220928 04:50:20.074" endtime="20220928 04:50:20.159"/>
</kw>
<kw name="Execute Javascript" library="SeleniumLibrary">
<arg>${Dinning}</arg>
<doc>Executes the given JavaScript code with possible arguments.</doc>
<msg timestamp="20220928 04:50:20.160" level="INFO">Executing JavaScript:
document.getElementById('SideNav_Menu_Dinning').click()
Without any arguments.</msg>
<status status="PASS" starttime="20220928 04:50:20.159" endtime="20220928 04:50:20.356"/>
</kw>
<kw name="Scroll Element Into View" library="SeleniumLibrary">
<arg>${Community}</arg>
<doc>Scrolls the element identified by ``locator`` into view.</doc>
<status status="PASS" starttime="20220928 04:50:20.358" endtime="20220928 04:50:21.443"/>
</kw>
<kw name="Element Should Be Visible" library="SeleniumLibrary">
<arg>${Community}</arg>
<arg>Waterford Community</arg>
<doc>Verifies that the element identified by ``locator`` is visible.</doc>
<msg timestamp="20220928 04:50:21.460" level="INFO">Element 'SuperUserCombo' is displayed.</msg>
<status status="PASS" starttime="20220928 04:50:21.444" endtime="20220928 04:50:21.460"/>
</kw>
<kw name="Mouse Over" library="SeleniumLibrary">
<arg>${Community}</arg>
<doc>Simulates hovering the mouse over the element ``locator``.</doc>
<msg timestamp="20220928 04:50:21.461" level="INFO">Simulating Mouse Over on element 'SuperUserCombo'.</msg>
<status status="PASS" starttime="20220928 04:50:21.461" endtime="20220928 04:50:21.729"/>
</kw>
<kw name="Execute Javascript" library="SeleniumLibrary">
<arg>${Add Menu Item}</arg>
<doc>Executes the given JavaScript code with possible arguments.</doc>
<msg timestamp="20220928 04:50:21.730" level="INFO">Executing JavaScript:
document.getElementById('dining_new_dining_btn').click()
Without any arguments.</msg>
<status status="PASS" starttime="20220928 04:50:21.729" endtime="20220928 04:50:21.874"/>
</kw>
<kw name="Input Text" library="SeleniumLibrary">
<arg>${dining_title}</arg>
<arg>Coffe</arg>
<doc>Types the given ``text`` into the text field identified by ``locator``.</doc>
<msg timestamp="20220928 04:50:21.876" level="INFO">Typing text 'Coffe' into text field 'id=add_dining_title'.</msg>
<status status="PASS" starttime="20220928 04:50:21.875" endtime="20220928 04:50:22.592"/>
</kw>
<kw name="Input Text" library="SeleniumLibrary">
<arg>${dining_description}</arg>
<arg>Coffe and milk</arg>
<doc>Types the given ``text`` into the text field identified by ``locator``.</doc>
<msg timestamp="20220928 04:50:22.593" level="INFO">Typing text 'Coffe and milk' into text field 'id=add_dining_description'.</msg>
<status status="PASS" starttime="20220928 04:50:22.592" endtime="20220928 04:50:23.407"/>
</kw>
<kw name="Click Element" library="SeleniumLibrary">
<arg>${image}</arg>
<doc>Click the element identified by ``locator``.</doc>
<msg timestamp="20220928 04:50:23.409" level="INFO">Clicking element 'name=image_url'.</msg>
<status status="PASS" starttime="20220928 04:50:23.408" endtime="20220928 04:50:23.494"/>
</kw>
<kw name="Input Text" library="SeleniumLibrary">
<arg>${image}</arg>
<arg>Coffe</arg>
<doc>Types the given ``text`` into the text field identified by ``locator``.</doc>
<msg timestamp="20220928 04:50:23.495" level="INFO">Typing text 'Coffe' into text field 'name=image_url'.</msg>
<status status="PASS" starttime="20220928 04:50:23.495" endtime="20220928 04:50:23.704"/>
</kw>
<kw name="Click Element" library="SeleniumLibrary">
<arg>${Search}</arg>
<doc>Click the element identified by ``locator``.</doc>
<msg timestamp="20220928 04:50:23.705" level="INFO">Clicking element 'id=dining_search_icon'.</msg>
<status status="PASS" starttime="20220928 04:50:23.705" endtime="20220928 04:50:23.847"/>
</kw>
<kw name="Click Element" library="SeleniumLibrary">
<arg>id=image_2400874</arg>
<doc>Click the element identified by ``locator``.</doc>
<msg timestamp="20220928 04:50:23.848" level="INFO">Clicking element 'id=image_2400874'.</msg>
<status status="PASS" starttime="20220928 04:50:23.847" endtime="20220928 04:50:24.411"/>
</kw>
<kw name="Click Element" library="SeleniumLibrary">
<arg>${DONE}</arg>
<doc>Click the element identified by ``locator``.</doc>
<msg timestamp="20220928 04:50:24.411" level="INFO">Clicking element 'id=done_btn'.</msg>
<status status="PASS" starttime="20220928 04:50:24.411" endtime="20220928 04:50:24.514"/>
</kw>
<kw name="Input Text" library="SeleniumLibrary">
<arg>${tags}</arg>
<arg>Coffe</arg>
<doc>Types the given ``text`` into the text field identified by ``locator``.</doc>
<msg timestamp="20220928 04:50:24.514" level="INFO">Typing text 'Coffe' into text field 'id=add_dining_tags'.</msg>
<status status="PASS" starttime="20220928 04:50:24.514" endtime="20220928 04:50:24.938"/>
</kw>
<kw name="Press Keys" library="SeleniumLibrary">
<arg>${tags}</arg>
<arg>ENTER</arg>
<doc>Simulates the user pressing key(s) to an element or on the active browser.</doc>
<msg timestamp="20220928 04:50:24.938" level="INFO">Sending key(s) ('ENTER',) to id=add_dining_tags element.</msg>
<msg timestamp="20220928 04:50:25.295" level="INFO">Pressing special key ENTER to element.</msg>
<msg timestamp="20220928 04:50:25.295" level="INFO">Releasing special key ENTER.</msg>
<status status="PASS" starttime="20220928 04:50:24.938" endtime="20220928 04:50:25.362"/>
</kw>
<kw name="Input Text" library="SeleniumLibrary">
<arg>${tags}</arg>
<arg>Milk</arg>
<doc>Types the given ``text`` into the text field identified by ``locator``.</doc>
<msg timestamp="20220928 04:50:25.364" level="INFO">Typing text 'Milk' into text field 'id=add_dining_tags'.</msg>
<status status="PASS" starttime="20220928 04:50:25.363" endtime="20220928 04:50:25.591"/>
</kw>
<kw name="Press Keys" library="SeleniumLibrary">
<arg>${tags}</arg>
<arg>ENTER</arg>
<doc>Simulates the user pressing key(s) to an element or on the active browser.</doc>
<msg timestamp="20220928 04:50:25.593" level="INFO">Sending key(s) ('ENTER',) to id=add_dining_tags element.</msg>
<msg timestamp="20220928 04:50:25.878" level="INFO">Pressing special key ENTER to element.</msg>
<msg timestamp="20220928 04:50:25.879" level="INFO">Releasing special key ENTER.</msg>
<status status="PASS" starttime="20220928 04:50:25.592" endtime="20220928 04:50:25.930"/>
</kw>
<kw name="Wait Until Element Is Visible" library="SeleniumLibrary">
<arg>${Breakfast}</arg>
<doc>Waits until the element ``locator`` is visible.</doc>
<status status="PASS" starttime="20220928 04:50:25.931" endtime="20220928 04:50:25.962"/>
</kw>
<kw name="Click Element" library="SeleniumLibrary">
<arg>${Lunch}</arg>
<doc>Click the element identified by ``locator``.</doc>
<msg timestamp="20220928 04:50:25.962" level="INFO">Clicking element 'id=icon_6155b016d8ca9945efb2e723'.</msg>
<status status="PASS" starttime="20220928 04:50:25.962" endtime="20220928 04:50:26.075"/>
</kw>
<kw name="Click Element" library="SeleniumLibrary">
<arg>${Dinner}</arg>
<doc>Click the element identified by ``locator``.</doc>
<msg timestamp="20220928 04:50:26.077" level="INFO">Clicking element 'id=icon_6155b016d8ca9945efb2e724'.</msg>
<status status="PASS" starttime="20220928 04:50:26.076" endtime="20220928 04:50:26.207"/>
</kw>
<kw name="Click Element" library="SeleniumLibrary">
<arg>${Breakfast}</arg>
<doc>Click the element identified by ``locator``.</doc>
<msg timestamp="20220928 04:50:26.210" level="INFO">Clicking element 'id=icon_6155b016d8ca9945efb2e722'.</msg>
<status status="PASS" starttime="20220928 04:50:26.207" endtime="20220928 04:50:26.310"/>
</kw>
<kw name="Select Checkbox" library="SeleniumLibrary">
<arg>${Hide_Print}</arg>
<doc>Selects the checkbox identified by ``locator``.</doc>
<msg timestamp="20220928 04:50:26.311" level="INFO">Selecting checkbox 'id=dining_hideOnPrinting_switch'.</msg>
<status status="PASS" starttime="20220928 04:50:26.311" endtime="20220928 04:50:26.400"/>
</kw>
<kw name="Unselect Checkbox" library="SeleniumLibrary">
<arg>${Hide_Print}</arg>
<doc>Removes the selection of checkbox identified by ``locator``.</doc>
<msg timestamp="20220928 04:50:26.401" level="INFO">Unselecting checkbox 'id=dining_hideOnPrinting_switch'.</msg>
<status status="PASS" starttime="20220928 04:50:26.400" endtime="20220928 04:50:26.611"/>
</kw>
<tag>Case 1</tag>
<tag>Validation Test</tag>
<status status="PASS" starttime="20220928 04:50:16.410" endtime="20220928 04:50:26.612"/>
</test>
<test id="s1-t2" name="fill the Recurrences Information">
<kw name="Click Element" library="SeleniumLibrary">
<arg>${Start-Date}</arg>
<doc>Click the element identified by ``locator``.</doc>
<msg timestamp="20220928 04:50:26.616" level="INFO">Clicking element 'id=add_dining_start_date'.</msg>
<status status="PASS" starttime="20220928 04:50:26.615" endtime="20220928 04:50:26.804"/>
</kw>
<kw name="Click Element" library="SeleniumLibrary">
<arg>${Fill_DoesNotRepeat}</arg>
<doc>Click the element identified by ``locator``.</doc>
<msg timestamp="20220928 04:50:26.808" level="INFO">Clicking element 'id=RepeatValue'.</msg>
<status status="PASS" starttime="20220928 04:50:26.806" endtime="20220928 04:50:26.975"/>
</kw>
<kw name="Sleep" library="BuiltIn">
<arg>1</arg>
<doc>Pauses the test executed for the given time.</doc>
<msg timestamp="20220928 04:50:27.986" level="INFO">Slept 1 second</msg>
<status status="PASS" starttime="20220928 04:50:26.976" endtime="20220928 04:50:27.986"/>
</kw>
<kw name="Click Element" library="SeleniumLibrary">
<arg>${Does_Not_Repeat}</arg>
<doc>Click the element identified by ``locator``.</doc>
<msg timestamp="20220928 04:50:27.987" level="INFO">Clicking element 'id=RepeatValue-option-0'.</msg>
<status status="PASS" starttime="20220928 04:50:27.987" endtime="20220928 04:50:28.141"/>
</kw>
<kw name="Sleep" library="BuiltIn">
<arg>1</arg>
<doc>Pauses the test executed for the given time.</doc>
<msg timestamp="20220928 04:50:29.146" level="INFO">Slept 1 second</msg>
<status status="PASS" starttime="20220928 04:50:28.142" endtime="20220928 04:50:29.146"/>
</kw>
<kw name="Click Element" library="SeleniumLibrary">
<arg>${After}</arg>
<doc>Click the element identified by ``locator``.</doc>
<msg timestamp="20220928 04:50:29.147" level="INFO">Clicking element 'id=EndSelection'.</msg>
<status status="PASS" starttime="20220928 04:50:29.147" endtime="20220928 04:50:29.234"/>
</kw>
<kw name="Sleep" library="BuiltIn">
<arg>1</arg>
<doc>Pauses the test executed for the given time.</doc>
<msg timestamp="20220928 04:50:30.239" level="INFO">Slept 1 second</msg>
<status status="PASS" starttime="20220928 04:50:29.235" endtime="20220928 04:50:30.239"/>
</kw>
<kw name="Click Element" library="SeleniumLibrary">
<arg>${On_this_date}</arg>
<doc>Click the element identified by ``locator``.</doc>
<msg timestamp="20220928 04:50:30.240" level="INFO">Clicking element 'id=EndSelection-option-1'.</msg>
<status status="PASS" starttime="20220928 04:50:30.239" endtime="20220928 04:50:30.366"/>
</kw>
<kw name="Sleep" library="BuiltIn">
<arg>1</arg>
<doc>Pauses the test executed for the given time.</doc>
<msg timestamp="20220928 04:50:31.382" level="INFO">Slept 1 second</msg>
<status status="PASS" starttime="20220928 04:50:30.367" endtime="20220928 04:50:31.382"/>
</kw>
<kw name="Click Element" library="SeleniumLibrary">
<arg>${CalendericonRecurre}</arg>
<doc>Click the element identified by ``locator``.</doc>
<msg timestamp="20220928 04:50:31.382" level="INFO">Clicking element 'id=Calendar_Btn_undefined_EndDate'.</msg>
<status status="PASS" starttime="20220928 04:50:31.382" endtime="20220928 04:50:31.544"/>
</kw>
<kw name="Sleep" library="BuiltIn">
<arg>1</arg>
<doc>Pauses the test executed for the given time.</doc>
<msg timestamp="20220928 04:50:32.557" level="INFO">Slept 1 second</msg>
<status status="PASS" starttime="20220928 04:50:31.544" endtime="20220928 04:50:32.557"/>
</kw>
<kw name="Click Element" library="SeleniumLibrary">
<arg>${rightArrow}</arg>
<doc>Click the element identified by ``locator``.</doc>
<msg timestamp="20220928 04:50:32.558" level="INFO">Clicking element 'id=calendarHeader_rightArrow'.</msg>
<status status="PASS" starttime="20220928 04:50:32.557" endtime="20220928 04:50:32.649"/>
</kw>
<kw name="Sleep" library="BuiltIn">
<arg>1</arg>
<doc>Pauses the test executed for the given time.</doc>
<msg timestamp="20220928 04:50:33.661" level="INFO">Slept 1 second</msg>
<status status="PASS" starttime="20220928 04:50:32.650" endtime="20220928 04:50:33.661"/>
</kw>
<kw name="Click Element" library="SeleniumLibrary">
<arg>${leftArrow}</arg>
<doc>Click the element identified by ``locator``.</doc>
<msg timestamp="20220928 04:50:33.662" level="INFO">Clicking element 'id=calendarHeader_leftArrow'.</msg>
<status status="PASS" starttime="20220928 04:50:33.662" endtime="20220928 04:50:33.742"/>
</kw>
<kw name="Sleep" library="BuiltIn">
<arg>1</arg>
<doc>Pauses the test executed for the given time.</doc>
<msg timestamp="20220928 04:50:34.758" level="INFO">Slept 1 second</msg>
<status status="PASS" starttime="20220928 04:50:33.743" endtime="20220928 04:50:34.758"/>
</kw>
<status status="PASS" starttime="20220928 04:50:26.614" endtime="20220928 04:50:34.758"/>
</test>
<kw name="Close All Browsers" library="SeleniumLibrary" type="TEARDOWN">
<doc>Closes all open browsers and resets the browser cache.</doc>
<status status="PASS" starttime="20220928 04:50:34.760" endtime="20220928 04:50:37.238"/>
</kw>
<doc>CMS-Engage360 Community Waterford</doc>
<status status="PASS" starttime="20220928 04:50:08.873" endtime="20220928 04:50:37.239"/>
</suite>
<statistics>
<total>
<stat pass="2" fail="0" skip="0">All Tests</stat>
</total>
<tag>
<stat pass="1" fail="0" skip="0">Case 1</stat>
<stat pass="1" fail="0" skip="0">Validation Test</stat>
</tag>
<suite>
<stat pass="2" fail="0" skip="0" id="s1" name="recurre Does-not-repeatNGG-TC-120">recurre Does-not-repeatNGG-TC-120</stat>
</suite>
</statistics>
<errors>
</errors>
</robot>
