<?xml version="1.0" encoding="UTF-8"?>
<robot generator="Robot 4.1.3 (Python 3.10.1 on win32)" generated="20220928 05:24:33.154" rpa="false" schemaversion="2">
<suite id="s1" name="identifiers - Select - Unselect - Hide on printNGG-TC-178" source="C:\Users\Alejandro\Desktop\identifiers\identifiers - Select - Unselect - Hide on printNGG-TC-178.robot">
<kw name="web setup" library="Keywords" type="SETUP">
<kw name="Open Browser" library="SeleniumLibrary">
<arg>${website}</arg>
<arg>${browser}</arg>
<doc>Opens a new browser instance to the optional ``url``.</doc>
<msg timestamp="20220928 05:24:33.376" level="INFO">Opening browser 'gc' to base url 'http://dev.www.engage360.evacompute.com:8080/'.</msg>
<status status="PASS" starttime="20220928 05:24:33.375" endtime="20220928 05:24:41.138"/>
</kw>
<kw name="Maximize Browser Window" library="SeleniumLibrary">
<doc>Maximizes current browser window.</doc>
<status status="PASS" starttime="20220928 05:24:41.138" endtime="20220928 05:24:42.235"/>
</kw>
<kw name="Set Selenium Implicit Wait" library="SeleniumLibrary">
<arg>20 s</arg>
<doc>Sets the implicit wait value used by Selenium.</doc>
<status status="PASS" starttime="20220928 05:24:42.235" endtime="20220928 05:24:42.236"/>
</kw>
<kw name="Wait Until Element Is Visible" library="SeleniumLibrary">
<arg>css=#kc-header</arg>
<doc>Waits until the element ``locator`` is visible.</doc>
<status status="PASS" starttime="20220928 05:24:42.236" endtime="20220928 05:24:42.269"/>
</kw>
<kw name="Title Should Be" library="SeleniumLibrary">
<arg>Log in to ENGAGE360</arg>
<doc>Verifies that the current page title equals ``title``.</doc>
<msg timestamp="20220928 05:24:42.273" level="INFO">Page title is 'Log in to ENGAGE360'.</msg>
<status status="PASS" starttime="20220928 05:24:42.269" endtime="20220928 05:24:42.273"/>
</kw>
<kw name="Wait Until Element Is Visible" library="SeleniumLibrary">
<arg>id=username</arg>
<doc>Waits until the element ``locator`` is visible.</doc>
<status status="PASS" starttime="20220928 05:24:42.273" endtime="20220928 05:24:42.296"/>
</kw>
<kw name="Click Element" library="SeleniumLibrary">
<arg>id=username</arg>
<doc>Click the element identified by ``locator``.</doc>
<msg timestamp="20220928 05:24:42.296" level="INFO">Clicking element 'id=username'.</msg>
<status status="PASS" starttime="20220928 05:24:42.296" endtime="20220928 05:24:42.328"/>
</kw>
<kw name="Input Text" library="SeleniumLibrary">
<arg>id=username</arg>
<arg>${Email}</arg>
<doc>Types the given ``text`` into the text field identified by ``locator``.</doc>
<msg timestamp="20220928 05:24:42.329" level="INFO">Typing text 'superUser' into text field 'id=username'.</msg>
<status status="PASS" starttime="20220928 05:24:42.328" endtime="20220928 05:24:42.369"/>
</kw>
<kw name="Click Element" library="SeleniumLibrary">
<arg>id=password</arg>
<doc>Click the element identified by ``locator``.</doc>
<msg timestamp="20220928 05:24:42.370" level="INFO">Clicking element 'id=password'.</msg>
<status status="PASS" starttime="20220928 05:24:42.370" endtime="20220928 05:24:42.408"/>
</kw>
<kw name="Input Text" library="SeleniumLibrary">
<arg>id=password</arg>
<arg>${Password}</arg>
<doc>Types the given ``text`` into the text field identified by ``locator``.</doc>
<msg timestamp="20220928 05:24:42.408" level="INFO">Typing text 'SuperAdmin1@' into text field 'id=password'.</msg>
<status status="PASS" starttime="20220928 05:24:42.408" endtime="20220928 05:24:42.476"/>
</kw>
<kw name="Click Button" library="SeleniumLibrary">
<arg>name=login</arg>
<doc>Clicks the button identified by ``locator``.</doc>
<msg timestamp="20220928 05:24:42.477" level="INFO">Clicking button 'name=login'.</msg>
<status status="PASS" starttime="20220928 05:24:42.476" endtime="20220928 05:24:44.332"/>
</kw>
<status status="PASS" starttime="20220928 05:24:33.375" endtime="20220928 05:24:44.332"/>
</kw>
<test id="s1-t1" name="NGG-TC-178 Automation identifiers - Select - Unselect - Hide on print">
<kw name="Click Element" library="SeleniumLibrary">
<arg>${Community}</arg>
<doc>Click the element identified by ``locator``.</doc>
<msg timestamp="20220928 05:24:44.333" level="INFO">Clicking element 'SuperUserCombo'.</msg>
<status status="PASS" starttime="20220928 05:24:44.333" endtime="20220928 05:24:46.221"/>
</kw>
<kw name="Drag And Drop" library="SeleniumLibrary">
<arg>${Waterford}</arg>
<arg>${Community}</arg>
<doc>Drags the element identified by ``locator`` into the ``target`` element.</doc>
<status status="PASS" starttime="20220928 05:24:46.221" endtime="20220928 05:24:46.942"/>
</kw>
<kw name="Click Element" library="SeleniumLibrary">
<arg>${Waterford}</arg>
<doc>Click the element identified by ``locator``.</doc>
<msg timestamp="20220928 05:24:46.943" level="INFO">Clicking element 'SuperUserCombo-option-30'.</msg>
<status status="PASS" starttime="20220928 05:24:46.942" endtime="20220928 05:24:47.007"/>
</kw>
<kw name="Click Element" library="SeleniumLibrary">
<arg>${Community}</arg>
<doc>Click the element identified by ``locator``.</doc>
<msg timestamp="20220928 05:24:47.008" level="INFO">Clicking element 'SuperUserCombo'.</msg>
<status status="PASS" starttime="20220928 05:24:47.007" endtime="20220928 05:24:47.065"/>
</kw>
<kw name="Drag And Drop" library="SeleniumLibrary">
<arg>${Waterford}</arg>
<arg>${Community}</arg>
<doc>Drags the element identified by ``locator`` into the ``target`` element.</doc>
<status status="PASS" starttime="20220928 05:24:47.065" endtime="20220928 05:24:47.787"/>
</kw>
<kw name="Click Element" library="SeleniumLibrary">
<arg>${Waterford}</arg>
<doc>Click the element identified by ``locator``.</doc>
<msg timestamp="20220928 05:24:47.788" level="INFO">Clicking element 'SuperUserCombo-option-30'.</msg>
<status status="PASS" starttime="20220928 05:24:47.787" endtime="20220928 05:24:47.844"/>
</kw>
<kw name="Execute Javascript" library="SeleniumLibrary">
<arg>${Dinning}</arg>
<doc>Executes the given JavaScript code with possible arguments.</doc>
<msg timestamp="20220928 05:24:47.845" level="INFO">Executing JavaScript:
document.getElementById('SideNav_Menu_Dinning').click()
Without any arguments.</msg>
<status status="PASS" starttime="20220928 05:24:47.844" endtime="20220928 05:24:48.029"/>
</kw>
<kw name="Scroll Element Into View" library="SeleniumLibrary">
<arg>${Community}</arg>
<doc>Scrolls the element identified by ``locator`` into view.</doc>
<status status="PASS" starttime="20220928 05:24:48.029" endtime="20220928 05:24:48.948"/>
</kw>
<kw name="Element Should Be Visible" library="SeleniumLibrary">
<arg>${Community}</arg>
<arg>Waterford Community</arg>
<doc>Verifies that the element identified by ``locator`` is visible.</doc>
<msg timestamp="20220928 05:24:48.966" level="INFO">Element 'SuperUserCombo' is displayed.</msg>
<status status="PASS" starttime="20220928 05:24:48.949" endtime="20220928 05:24:48.966"/>
</kw>
<kw name="Mouse Over" library="SeleniumLibrary">
<arg>${Community}</arg>
<doc>Simulates hovering the mouse over the element ``locator``.</doc>
<msg timestamp="20220928 05:24:48.966" level="INFO">Simulating Mouse Over on element 'SuperUserCombo'.</msg>
<status status="PASS" starttime="20220928 05:24:48.966" endtime="20220928 05:24:49.227"/>
</kw>
<kw name="Execute Javascript" library="SeleniumLibrary">
<arg>${Add Menu Item}</arg>
<doc>Executes the given JavaScript code with possible arguments.</doc>
<msg timestamp="20220928 05:24:49.228" level="INFO">Executing JavaScript:
document.getElementById('dining_new_dining_btn').click()
Without any arguments.</msg>
<status status="PASS" starttime="20220928 05:24:49.228" endtime="20220928 05:24:49.364"/>
</kw>
<kw name="Select Checkbox" library="SeleniumLibrary">
<arg>${Hide_Print}</arg>
<doc>Selects the checkbox identified by ``locator``.</doc>
<msg timestamp="20220928 05:24:49.365" level="INFO">Selecting checkbox 'id=dining_hideOnPrinting_switch'.</msg>
<status status="PASS" starttime="20220928 05:24:49.365" endtime="20220928 05:24:49.717"/>
</kw>
<kw name="Sleep" library="BuiltIn">
<arg>2</arg>
<doc>Pauses the test executed for the given time.</doc>
<msg timestamp="20220928 05:24:51.717" level="INFO">Slept 2 seconds</msg>
<status status="PASS" starttime="20220928 05:24:49.717" endtime="20220928 05:24:51.717"/>
</kw>
<kw name="Unselect Checkbox" library="SeleniumLibrary">
<arg>${Hide_Print}</arg>
<doc>Removes the selection of checkbox identified by ``locator``.</doc>
<msg timestamp="20220928 05:24:51.718" level="INFO">Unselecting checkbox 'id=dining_hideOnPrinting_switch'.</msg>
<status status="PASS" starttime="20220928 05:24:51.718" endtime="20220928 05:24:51.784"/>
</kw>
<tag>Case 3</tag>
<tag>Validation Test</tag>
<status status="PASS" starttime="20220928 05:24:44.332" endtime="20220928 05:24:51.784"/>
</test>
<kw name="Close All Browsers" library="SeleniumLibrary" type="TEARDOWN">
<doc>Closes all open browsers and resets the browser cache.</doc>
<status status="PASS" starttime="20220928 05:24:51.787" endtime="20220928 05:24:54.230"/>
</kw>
<doc>CMS-Engage360 Community Waterford</doc>
<status status="PASS" starttime="20220928 05:24:33.156" endtime="20220928 05:24:54.230"/>
</suite>
<statistics>
<total>
<stat pass="1" fail="0" skip="0">All Tests</stat>
</total>
<tag>
<stat pass="1" fail="0" skip="0">Case 3</stat>
<stat pass="1" fail="0" skip="0">Validation Test</stat>
</tag>
<suite>
<stat pass="1" fail="0" skip="0" id="s1" name="identifiers - Select - Unselect - Hide on printNGG-TC-178">identifiers - Select - Unselect - Hide on printNGG-TC-178</stat>
</suite>
</statistics>
<errors>
</errors>
</robot>
