<?xml version="1.0" encoding="UTF-8"?>
<robot generator="Robot 4.1.3 (Python 3.10.1 on win32)" generated="20220929 15:58:54.118" rpa="false" schemaversion="2">
<suite id="s1" name="identifiers Tags  NGG-TC-176" source="C:\Users\Alejandro\Desktop\identifiers\identifiers_Tags  NGG-TC-176.robot">
<kw name="web setup" library="Keywords" type="SETUP">
<kw name="Open Browser" library="SeleniumLibrary">
<arg>${website}</arg>
<arg>${browser}</arg>
<doc>Opens a new browser instance to the optional ``url``.</doc>
<msg timestamp="20220929 15:58:54.293" level="INFO">Opening browser 'gc' to base url 'http://dev.www.engage360.evacompute.com:8080/'.</msg>
<status status="PASS" starttime="20220929 15:58:54.292" endtime="20220929 15:58:58.244"/>
</kw>
<kw name="Maximize Browser Window" library="SeleniumLibrary">
<doc>Maximizes current browser window.</doc>
<status status="PASS" starttime="20220929 15:58:58.245" endtime="20220929 15:58:59.221"/>
</kw>
<kw name="Set Selenium Implicit Wait" library="SeleniumLibrary">
<arg>20 s</arg>
<doc>Sets the implicit wait value used by Selenium.</doc>
<status status="PASS" starttime="20220929 15:58:59.221" endtime="20220929 15:58:59.225"/>
</kw>
<kw name="Wait Until Element Is Visible" library="SeleniumLibrary">
<arg>css=#kc-header</arg>
<doc>Waits until the element ``locator`` is visible.</doc>
<status status="PASS" starttime="20220929 15:58:59.225" endtime="20220929 15:58:59.250"/>
</kw>
<kw name="Title Should Be" library="SeleniumLibrary">
<arg>Log in to ENGAGE360</arg>
<doc>Verifies that the current page title equals ``title``.</doc>
<msg timestamp="20220929 15:58:59.254" level="INFO">Page title is 'Log in to ENGAGE360'.</msg>
<status status="PASS" starttime="20220929 15:58:59.250" endtime="20220929 15:58:59.254"/>
</kw>
<kw name="Wait Until Element Is Visible" library="SeleniumLibrary">
<arg>id=username</arg>
<doc>Waits until the element ``locator`` is visible.</doc>
<status status="PASS" starttime="20220929 15:58:59.254" endtime="20220929 15:58:59.271"/>
</kw>
<kw name="Click Element" library="SeleniumLibrary">
<arg>id=username</arg>
<doc>Click the element identified by ``locator``.</doc>
<msg timestamp="20220929 15:58:59.272" level="INFO">Clicking element 'id=username'.</msg>
<status status="PASS" starttime="20220929 15:58:59.271" endtime="20220929 15:58:59.301"/>
</kw>
<kw name="Input Text" library="SeleniumLibrary">
<arg>id=username</arg>
<arg>${Email}</arg>
<doc>Types the given ``text`` into the text field identified by ``locator``.</doc>
<msg timestamp="20220929 15:58:59.301" level="INFO">Typing text 'superUser' into text field 'id=username'.</msg>
<status status="PASS" starttime="20220929 15:58:59.301" endtime="20220929 15:58:59.338"/>
</kw>
<kw name="Click Element" library="SeleniumLibrary">
<arg>id=password</arg>
<doc>Click the element identified by ``locator``.</doc>
<msg timestamp="20220929 15:58:59.338" level="INFO">Clicking element 'id=password'.</msg>
<status status="PASS" starttime="20220929 15:58:59.338" endtime="20220929 15:58:59.373"/>
</kw>
<kw name="Input Text" library="SeleniumLibrary">
<arg>id=password</arg>
<arg>${Password}</arg>
<doc>Types the given ``text`` into the text field identified by ``locator``.</doc>
<msg timestamp="20220929 15:58:59.374" level="INFO">Typing text 'SuperAdmin1@' into text field 'id=password'.</msg>
<status status="PASS" starttime="20220929 15:58:59.373" endtime="20220929 15:58:59.431"/>
</kw>
<kw name="Click Button" library="SeleniumLibrary">
<arg>name=login</arg>
<doc>Clicks the button identified by ``locator``.</doc>
<msg timestamp="20220929 15:58:59.431" level="INFO">Clicking button 'name=login'.</msg>
<status status="PASS" starttime="20220929 15:58:59.431" endtime="20220929 15:59:00.941"/>
</kw>
<status status="PASS" starttime="20220929 15:58:54.292" endtime="20220929 15:59:00.941"/>
</kw>
<test id="s1-t1" name="NGG-TC-176 Automation Identifiers-Tags (Message Error)">
<kw name="Click Element" library="SeleniumLibrary">
<arg>${Community}</arg>
<doc>Click the element identified by ``locator``.</doc>
<msg timestamp="20220929 15:59:00.942" level="INFO">Clicking element 'SuperUserCombo'.</msg>
<status status="PASS" starttime="20220929 15:59:00.942" endtime="20220929 15:59:02.758"/>
</kw>
<kw name="Drag And Drop" library="SeleniumLibrary">
<arg>${Waterford}</arg>
<arg>${Community}</arg>
<doc>Drags the element identified by ``locator`` into the ``target`` element.</doc>
<status status="PASS" starttime="20220929 15:59:02.759" endtime="20220929 15:59:03.485"/>
</kw>
<kw name="Click Element" library="SeleniumLibrary">
<arg>${Waterford}</arg>
<doc>Click the element identified by ``locator``.</doc>
<msg timestamp="20220929 15:59:03.485" level="INFO">Clicking element 'SuperUserCombo-option-30'.</msg>
<status status="PASS" starttime="20220929 15:59:03.485" endtime="20220929 15:59:03.536"/>
</kw>
<kw name="Click Element" library="SeleniumLibrary">
<arg>${Community}</arg>
<doc>Click the element identified by ``locator``.</doc>
<msg timestamp="20220929 15:59:03.536" level="INFO">Clicking element 'SuperUserCombo'.</msg>
<status status="PASS" starttime="20220929 15:59:03.536" endtime="20220929 15:59:03.576"/>
</kw>
<kw name="Drag And Drop" library="SeleniumLibrary">
<arg>${Waterford}</arg>
<arg>${Community}</arg>
<doc>Drags the element identified by ``locator`` into the ``target`` element.</doc>
<status status="PASS" starttime="20220929 15:59:03.577" endtime="20220929 15:59:04.203"/>
</kw>
<kw name="Click Element" library="SeleniumLibrary">
<arg>${Waterford}</arg>
<doc>Click the element identified by ``locator``.</doc>
<msg timestamp="20220929 15:59:04.203" level="INFO">Clicking element 'SuperUserCombo-option-30'.</msg>
<status status="PASS" starttime="20220929 15:59:04.203" endtime="20220929 15:59:04.255"/>
</kw>
<kw name="Execute Javascript" library="SeleniumLibrary">
<arg>${Dinning}</arg>
<doc>Executes the given JavaScript code with possible arguments.</doc>
<msg timestamp="20220929 15:59:04.256" level="INFO">Executing JavaScript:
document.getElementById('SideNav_Menu_Dinning').click()
Without any arguments.</msg>
<status status="PASS" starttime="20220929 15:59:04.256" endtime="20220929 15:59:04.406"/>
</kw>
<kw name="Scroll Element Into View" library="SeleniumLibrary">
<arg>${Community}</arg>
<doc>Scrolls the element identified by ``locator`` into view.</doc>
<status status="PASS" starttime="20220929 15:59:04.407" endtime="20220929 15:59:04.977"/>
</kw>
<kw name="Element Should Be Visible" library="SeleniumLibrary">
<arg>${Community}</arg>
<arg>Waterford Community</arg>
<doc>Verifies that the element identified by ``locator`` is visible.</doc>
<msg timestamp="20220929 15:59:05.033" level="INFO">Element 'SuperUserCombo' is displayed.</msg>
<status status="PASS" starttime="20220929 15:59:04.978" endtime="20220929 15:59:05.033"/>
</kw>
<kw name="Mouse Over" library="SeleniumLibrary">
<arg>${Community}</arg>
<doc>Simulates hovering the mouse over the element ``locator``.</doc>
<msg timestamp="20220929 15:59:05.034" level="INFO">Simulating Mouse Over on element 'SuperUserCombo'.</msg>
<status status="PASS" starttime="20220929 15:59:05.033" endtime="20220929 15:59:05.305"/>
</kw>
<kw name="Execute Javascript" library="SeleniumLibrary">
<arg>${Add Menu Item}</arg>
<doc>Executes the given JavaScript code with possible arguments.</doc>
<msg timestamp="20220929 15:59:05.306" level="INFO">Executing JavaScript:
document.getElementById('dining_new_dining_btn').click()
Without any arguments.</msg>
<status status="PASS" starttime="20220929 15:59:05.306" endtime="20220929 15:59:05.443"/>
</kw>
<kw name="Click Element" library="SeleniumLibrary">
<arg>${tags}</arg>
<doc>Click the element identified by ``locator``.</doc>
<msg timestamp="20220929 15:59:05.444" level="INFO">Clicking element 'id=add_dining_tags'.</msg>
<status status="PASS" starttime="20220929 15:59:05.443" endtime="20220929 15:59:05.682"/>
</kw>
<kw name="Input Text" library="SeleniumLibrary">
<arg>${tags}</arg>
<arg>Coffe</arg>
<doc>Types the given ``text`` into the text field identified by ``locator``.</doc>
<msg timestamp="20220929 15:59:05.683" level="INFO">Typing text 'Coffe' into text field 'id=add_dining_tags'.</msg>
<status status="PASS" starttime="20220929 15:59:05.683" endtime="20220929 15:59:05.964"/>
</kw>
<kw name="Press Keys" library="SeleniumLibrary">
<arg>${tags}</arg>
<arg>ENTER</arg>
<doc>Simulates the user pressing key(s) to an element or on the active browser.</doc>
<msg timestamp="20220929 15:59:05.966" level="INFO">Sending key(s) ('ENTER',) to id=add_dining_tags element.</msg>
<msg timestamp="20220929 15:59:06.243" level="INFO">Pressing special key ENTER to element.</msg>
<msg timestamp="20220929 15:59:06.243" level="INFO">Releasing special key ENTER.</msg>
<status status="PASS" starttime="20220929 15:59:05.965" endtime="20220929 15:59:06.292"/>
</kw>
<kw name="Input Text" library="SeleniumLibrary">
<arg>${tags}</arg>
<arg>Milk</arg>
<doc>Types the given ``text`` into the text field identified by ``locator``.</doc>
<msg timestamp="20220929 15:59:06.309" level="INFO">Typing text 'Milk' into text field 'id=add_dining_tags'.</msg>
<status status="PASS" starttime="20220929 15:59:06.309" endtime="20220929 15:59:06.545"/>
</kw>
<kw name="Press Keys" library="SeleniumLibrary">
<arg>${tags}</arg>
<arg>ENTER</arg>
<doc>Simulates the user pressing key(s) to an element or on the active browser.</doc>
<msg timestamp="20220929 15:59:06.545" level="INFO">Sending key(s) ('ENTER',) to id=add_dining_tags element.</msg>
<msg timestamp="20220929 15:59:06.819" level="INFO">Pressing special key ENTER to element.</msg>
<msg timestamp="20220929 15:59:06.819" level="INFO">Releasing special key ENTER.</msg>
<status status="PASS" starttime="20220929 15:59:06.545" endtime="20220929 15:59:06.860"/>
</kw>
<kw name="Input Text" library="SeleniumLibrary">
<arg>${tags}</arg>
<arg>Hot</arg>
<doc>Types the given ``text`` into the text field identified by ``locator``.</doc>
<msg timestamp="20220929 15:59:06.861" level="INFO">Typing text 'Hot' into text field 'id=add_dining_tags'.</msg>
<status status="PASS" starttime="20220929 15:59:06.860" endtime="20220929 15:59:07.012"/>
</kw>
<kw name="Press Keys" library="SeleniumLibrary">
<arg>${tags}</arg>
<arg>ENTER</arg>
<doc>Simulates the user pressing key(s) to an element or on the active browser.</doc>
<msg timestamp="20220929 15:59:07.014" level="INFO">Sending key(s) ('ENTER',) to id=add_dining_tags element.</msg>
<msg timestamp="20220929 15:59:07.290" level="INFO">Pressing special key ENTER to element.</msg>
<msg timestamp="20220929 15:59:07.290" level="INFO">Releasing special key ENTER.</msg>
<status status="PASS" starttime="20220929 15:59:07.013" endtime="20220929 15:59:07.332"/>
</kw>
<kw name="Input Text" library="SeleniumLibrary">
<arg>${tags}</arg>
<arg>Sugar</arg>
<doc>Types the given ``text`` into the text field identified by ``locator``.</doc>
<msg timestamp="20220929 15:59:07.333" level="INFO">Typing text 'Sugar' into text field 'id=add_dining_tags'.</msg>
<status status="PASS" starttime="20220929 15:59:07.333" endtime="20220929 15:59:07.573"/>
</kw>
<kw name="Press Keys" library="SeleniumLibrary">
<arg>${tags}</arg>
<arg>ENTER</arg>
<doc>Simulates the user pressing key(s) to an element or on the active browser.</doc>
<msg timestamp="20220929 15:59:07.574" level="INFO">Sending key(s) ('ENTER',) to id=add_dining_tags element.</msg>
<msg timestamp="20220929 15:59:07.839" level="INFO">Pressing special key ENTER to element.</msg>
<msg timestamp="20220929 15:59:07.839" level="INFO">Releasing special key ENTER.</msg>
<status status="PASS" starttime="20220929 15:59:07.574" endtime="20220929 15:59:07.883"/>
</kw>
<kw name="Input Text" library="SeleniumLibrary">
<arg>${tags}</arg>
<arg>Water</arg>
<doc>Types the given ``text`` into the text field identified by ``locator``.</doc>
<msg timestamp="20220929 15:59:07.884" level="INFO">Typing text 'Water' into text field 'id=add_dining_tags'.</msg>
<status status="PASS" starttime="20220929 15:59:07.883" endtime="20220929 15:59:08.116"/>
</kw>
<kw name="Press Keys" library="SeleniumLibrary">
<arg>${tags}</arg>
<arg>ENTER</arg>
<doc>Simulates the user pressing key(s) to an element or on the active browser.</doc>
<msg timestamp="20220929 15:59:08.117" level="INFO">Sending key(s) ('ENTER',) to id=add_dining_tags element.</msg>
<msg timestamp="20220929 15:59:08.389" level="INFO">Pressing special key ENTER to element.</msg>
<msg timestamp="20220929 15:59:08.389" level="INFO">Releasing special key ENTER.</msg>
<status status="PASS" starttime="20220929 15:59:08.116" endtime="20220929 15:59:08.432"/>
</kw>
<kw name="Input Text" library="SeleniumLibrary">
<arg>${tags}</arg>
<arg>Cinnamon</arg>
<doc>Types the given ``text`` into the text field identified by ``locator``.</doc>
<msg timestamp="20220929 15:59:08.433" level="INFO">Typing text 'Cinnamon' into text field 'id=add_dining_tags'.</msg>
<status status="PASS" starttime="20220929 15:59:08.433" endtime="20220929 15:59:08.784"/>
</kw>
<kw name="Press Keys" library="SeleniumLibrary">
<arg>${tags}</arg>
<arg>ENTER</arg>
<doc>Simulates the user pressing key(s) to an element or on the active browser.</doc>
<msg timestamp="20220929 15:59:08.785" level="INFO">Sending key(s) ('ENTER',) to id=add_dining_tags element.</msg>
<msg timestamp="20220929 15:59:09.059" level="INFO">Pressing special key ENTER to element.</msg>
<msg timestamp="20220929 15:59:09.059" level="INFO">Releasing special key ENTER.</msg>
<status status="PASS" starttime="20220929 15:59:08.785" endtime="20220929 15:59:09.102"/>
</kw>
<kw name="Input Text" library="SeleniumLibrary">
<arg>${tags}</arg>
<arg>spoon</arg>
<doc>Types the given ``text`` into the text field identified by ``locator``.</doc>
<msg timestamp="20220929 15:59:09.104" level="INFO">Typing text 'spoon' into text field 'id=add_dining_tags'.</msg>
<status status="PASS" starttime="20220929 15:59:09.103" endtime="20220929 15:59:09.335"/>
</kw>
<kw name="Press Keys" library="SeleniumLibrary">
<arg>${tags}</arg>
<arg>ENTER</arg>
<doc>Simulates the user pressing key(s) to an element or on the active browser.</doc>
<msg timestamp="20220929 15:59:09.336" level="INFO">Sending key(s) ('ENTER',) to id=add_dining_tags element.</msg>
<msg timestamp="20220929 15:59:09.601" level="INFO">Pressing special key ENTER to element.</msg>
<msg timestamp="20220929 15:59:09.601" level="INFO">Releasing special key ENTER.</msg>
<status status="PASS" starttime="20220929 15:59:09.336" endtime="20220929 15:59:09.651"/>
</kw>
<kw name="Input Text" library="SeleniumLibrary">
<arg>${tags}</arg>
<arg>Bowl</arg>
<doc>Types the given ``text`` into the text field identified by ``locator``.</doc>
<msg timestamp="20220929 15:59:09.652" level="INFO">Typing text 'Bowl' into text field 'id=add_dining_tags'.</msg>
<status status="PASS" starttime="20220929 15:59:09.652" endtime="20220929 15:59:09.844"/>
</kw>
<kw name="Press Keys" library="SeleniumLibrary">
<arg>${tags}</arg>
<arg>ENTER</arg>
<doc>Simulates the user pressing key(s) to an element or on the active browser.</doc>
<msg timestamp="20220929 15:59:09.845" level="INFO">Sending key(s) ('ENTER',) to id=add_dining_tags element.</msg>
<msg timestamp="20220929 15:59:10.120" level="INFO">Pressing special key ENTER to element.</msg>
<msg timestamp="20220929 15:59:10.120" level="INFO">Releasing special key ENTER.</msg>
<status status="PASS" starttime="20220929 15:59:09.844" endtime="20220929 15:59:10.164"/>
</kw>
<kw name="Input Text" library="SeleniumLibrary">
<arg>${tags}</arg>
<arg>Napkin</arg>
<doc>Types the given ``text`` into the text field identified by ``locator``.</doc>
<msg timestamp="20220929 15:59:10.165" level="INFO">Typing text 'Napkin' into text field 'id=add_dining_tags'.</msg>
<status status="PASS" starttime="20220929 15:59:10.164" endtime="20220929 15:59:10.457"/>
</kw>
<kw name="Press Keys" library="SeleniumLibrary">
<arg>${tags}</arg>
<arg>ENTER</arg>
<doc>Simulates the user pressing key(s) to an element or on the active browser.</doc>
<msg timestamp="20220929 15:59:10.458" level="INFO">Sending key(s) ('ENTER',) to id=add_dining_tags element.</msg>
<msg timestamp="20220929 15:59:10.743" level="INFO">Pressing special key ENTER to element.</msg>
<msg timestamp="20220929 15:59:10.744" level="INFO">Releasing special key ENTER.</msg>
<status status="PASS" starttime="20220929 15:59:10.457" endtime="20220929 15:59:10.787"/>
</kw>
<kw name="Input Text" library="SeleniumLibrary">
<arg>${tags}</arg>
<arg>Delicious</arg>
<doc>Types the given ``text`` into the text field identified by ``locator``.</doc>
<msg timestamp="20220929 15:59:10.788" level="INFO">Typing text 'Delicious' into text field 'id=add_dining_tags'.</msg>
<status status="PASS" starttime="20220929 15:59:10.787" endtime="20220929 15:59:11.171"/>
</kw>
<kw name="Press Keys" library="SeleniumLibrary">
<arg>${tags}</arg>
<arg>ENTER</arg>
<doc>Simulates the user pressing key(s) to an element or on the active browser.</doc>
<msg timestamp="20220929 15:59:11.172" level="INFO">Sending key(s) ('ENTER',) to id=add_dining_tags element.</msg>
<msg timestamp="20220929 15:59:11.450" level="INFO">Pressing special key ENTER to element.</msg>
<msg timestamp="20220929 15:59:11.450" level="INFO">Releasing special key ENTER.</msg>
<status status="PASS" starttime="20220929 15:59:11.172" endtime="20220929 15:59:11.497"/>
</kw>
<kw name="Press Keys" library="SeleniumLibrary">
<arg>${tags}</arg>
<arg>ENTER</arg>
<doc>Simulates the user pressing key(s) to an element or on the active browser.</doc>
<msg timestamp="20220929 15:59:11.499" level="INFO">Sending key(s) ('ENTER',) to id=add_dining_tags element.</msg>
<msg timestamp="20220929 15:59:11.776" level="INFO">Pressing special key ENTER to element.</msg>
<msg timestamp="20220929 15:59:11.776" level="INFO">Releasing special key ENTER.</msg>
<status status="PASS" starttime="20220929 15:59:11.497" endtime="20220929 15:59:11.859"/>
</kw>
<kw name="Sleep" library="BuiltIn">
<arg>1</arg>
<doc>Pauses the test executed for the given time.</doc>
<msg timestamp="20220929 15:59:12.866" level="INFO">Slept 1 second</msg>
<status status="PASS" starttime="20220929 15:59:11.860" endtime="20220929 15:59:12.866"/>
</kw>
<kw name="Wait Until Element Is Visible" library="SeleniumLibrary">
<arg>${MessageAlertError}</arg>
<doc>Waits until the element ``locator`` is visible.</doc>
<status status="PASS" starttime="20220929 15:59:12.866" endtime="20220929 15:59:12.883"/>
</kw>
<kw name="Page Should Contain Element" library="SeleniumLibrary">
<arg>${MessageAlertError}</arg>
<arg>Can't add more than 10 tags per dining</arg>
<doc>Verifies that element ``locator`` is found on the current page.</doc>
<msg timestamp="20220929 15:59:12.891" level="INFO">Current page contains element 'id=alert_AddEditDinning_MaxTags_Error'.</msg>
<status status="PASS" starttime="20220929 15:59:12.883" endtime="20220929 15:59:12.891"/>
</kw>
<tag>Case 1</tag>
<tag>Validation Test</tag>
<status status="PASS" starttime="20220929 15:59:00.941" endtime="20220929 15:59:12.891"/>
</test>
<kw name="Close All Browsers" library="SeleniumLibrary" type="TEARDOWN">
<doc>Closes all open browsers and resets the browser cache.</doc>
<status status="PASS" starttime="20220929 15:59:12.892" endtime="20220929 15:59:15.160"/>
</kw>
<doc>CMS-Engage360 Community Waterford</doc>
<status status="PASS" starttime="20220929 15:58:54.119" endtime="20220929 15:59:15.160"/>
</suite>
<statistics>
<total>
<stat pass="1" fail="0" skip="0">All Tests</stat>
</total>
<tag>
<stat pass="1" fail="0" skip="0">Case 1</stat>
<stat pass="1" fail="0" skip="0">Validation Test</stat>
</tag>
<suite>
<stat pass="1" fail="0" skip="0" id="s1" name="identifiers Tags  NGG-TC-176">identifiers Tags  NGG-TC-176</stat>
</suite>
</statistics>
<errors>
</errors>
</robot>
